{"total": {"lines":{"total":52,"covered":40,"skipped":0,"pct":76.92},"statements":{"total":52,"covered":40,"skipped":0,"pct":76.92},"functions":{"total":17,"covered":16,"skipped":0,"pct":94.11},"branches":{"total":14,"covered":9,"skipped":0,"pct":64.28},"branchesTrue":{"total":0,"covered":0,"skipped":0,"pct":"Unknown"}}
,"/Users/bhaveshpawar/Projects/upthink/queue-management-lambda/src/apiService.mjs": {"lines":{"total":32,"covered":32,"skipped":0,"pct":100},"functions":{"total":15,"covered":15,"skipped":0,"pct":100},"statements":{"total":32,"covered":32,"skipped":0,"pct":100},"branches":{"total":8,"covered":8,"skipped":0,"pct":100}}
,"/Users/bhaveshpawar/Projects/upthink/queue-management-lambda/src/slack.mjs": {"lines":{"total":20,"covered":8,"skipped":0,"pct":40},"functions":{"total":2,"covered":1,"skipped":0,"pct":50},"statements":{"total":20,"covered":8,"skipped":0,"pct":40},"branches":{"total":6,"covered":1,"skipped":0,"pct":16.66}}
}
