TN:
SF:src/apiService.mjs
FN:12,fetchUserCreds
FN:18,(anonymous_1)
FN:27,(anonymous_2)
FN:34,generateSignedUrl
FN:42,(anonymous_4)
FN:51,(anonymous_5)
FN:58,uploadFileToS3
FN:65,(anonymous_7)
FN:68,(anonymous_8)
FN:74,uploadScreenshotFileToS3
FN:81,(anonymous_10)
FN:84,(anonymous_11)
FN:90,addEssay
FN:98,(anonymous_13)
FN:106,(anonymous_14)
FNF:15
FNH:15
FNDA:3,fetchUserCreds
FNDA:2,(anonymous_1)
FNDA:1,(anonymous_2)
FNDA:3,generateSignedUrl
FNDA:2,(anonymous_4)
FNDA:1,(anonymous_5)
FNDA:2,uploadFileToS3
FNDA:1,(anonymous_7)
FNDA:1,(anonymous_8)
FNDA:2,uploadScreenshotFileToS3
FNDA:1,(anonymous_10)
FNDA:1,(anonymous_11)
FNDA:3,addEssay
FNDA:2,(anonymous_13)
FNDA:1,(anonymous_14)
DA:4,1
DA:6,1
DA:14,3
DA:20,2
DA:21,1
DA:23,1
DA:24,1
DA:28,1
DA:29,1
DA:31,2
DA:36,3
DA:44,2
DA:45,1
DA:47,1
DA:48,1
DA:52,1
DA:53,1
DA:55,2
DA:59,2
DA:66,1
DA:69,1
DA:70,1
DA:75,2
DA:82,1
DA:85,1
DA:86,1
DA:91,3
DA:100,2
DA:101,1
DA:103,1
DA:107,1
DA:108,1
LF:32
LH:32
BRDA:20,0,0,1
BRDA:20,0,1,1
BRDA:20,1,0,2
BRDA:20,1,1,2
BRDA:44,2,0,1
BRDA:44,2,1,1
BRDA:100,3,0,1
BRDA:100,3,1,1
BRF:8
BRH:8
end_of_record
TN:
SF:src/slack.mjs
FN:15,slackLog
FN:32,slackLogClient
FNF:2
FNH:1
FNDA:0,slackLog
FNDA:11,slackLogClient
DA:3,1
DA:5,1
DA:8,1
DA:11,1
DA:12,1
DA:13,1
DA:16,0
DA:17,0
DA:18,0
DA:24,0
DA:25,0
DA:28,0
DA:33,11
DA:35,0
DA:36,0
DA:38,0
DA:39,0
DA:41,0
DA:42,0
DA:44,11
LF:20
LH:8
BRDA:24,0,0,0
BRDA:24,0,1,0
BRDA:33,1,0,0
BRDA:33,1,1,0
BRDA:33,1,2,0
BRDA:33,1,3,11
BRF:6
BRH:1
end_of_record
